mode: set
github.com/bootcamp-go/fibonacci/fibo.go:11.29,12.11 1 0
github.com/bootcamp-go/fibonacci/fibo.go:16.2,19.22 3 0
github.com/bootcamp-go/fibonacci/fibo.go:24.2,24.10 1 0
github.com/bootcamp-go/fibonacci/fibo.go:12.11,14.3 1 0
github.com/bootcamp-go/fibonacci/fibo.go:19.22,22.3 2 0
github.com/bootcamp-go/internal/transactions/service.go:14.39,16.2 1 1
github.com/bootcamp-go/internal/transactions/service.go:18.60,20.2 1 0
github.com/bootcamp-go/internal/transactions/service.go:22.111,24.16 2 1
github.com/bootcamp-go/internal/transactions/service.go:28.2,29.69 2 1
github.com/bootcamp-go/internal/transactions/service.go:24.16,26.3 1 0
github.com/bootcamp-go/internal/transactions/repository.go:20.47,22.2 1 1
github.com/bootcamp-go/internal/transactions/repository.go:24.63,26.39 2 1
github.com/bootcamp-go/internal/transactions/repository.go:30.2,30.16 1 1
github.com/bootcamp-go/internal/transactions/repository.go:26.39,28.3 1 1
github.com/bootcamp-go/internal/transactions/repository.go:33.124,46.16 4 1
github.com/bootcamp-go/internal/transactions/repository.go:55.2,56.40 2 1
github.com/bootcamp-go/internal/transactions/repository.go:60.2,60.25 1 1
github.com/bootcamp-go/internal/transactions/repository.go:46.16,48.41 2 0
github.com/bootcamp-go/internal/transactions/repository.go:52.3,52.26 1 0
github.com/bootcamp-go/internal/transactions/repository.go:48.41,50.4 1 0
github.com/bootcamp-go/internal/transactions/repository.go:56.40,58.3 1 1
github.com/bootcamp-go/internal/transactions/repository.go:63.46,66.39 2 1
github.com/bootcamp-go/internal/transactions/repository.go:70.2,70.18 1 1
github.com/bootcamp-go/internal/transactions/repository.go:74.2,74.30 1 1
github.com/bootcamp-go/internal/transactions/repository.go:66.39,68.3 1 0
github.com/bootcamp-go/internal/transactions/repository.go:70.18,72.3 1 1
