mode: set
github.com/bootcamp-go/fibonacci/fibo.go:11.29,12.11 1 0
github.com/bootcamp-go/fibonacci/fibo.go:16.2,19.22 3 0
github.com/bootcamp-go/fibonacci/fibo.go:24.2,24.10 1 0
github.com/bootcamp-go/fibonacci/fibo.go:12.11,14.3 1 0
github.com/bootcamp-go/fibonacci/fibo.go:19.22,22.3 2 0
github.com/bootcamp-go/internal/transactions/repository.go:20.47,22.2 1 1
github.com/bootcamp-go/internal/transactions/repository.go:24.63,26.39 2 1
github.com/bootcamp-go/internal/transactions/repository.go:30.2,30.16 1 1
github.com/bootcamp-go/internal/transactions/repository.go:26.39,28.3 1 1
github.com/bootcamp-go/internal/transactions/repository.go:33.124,46.16 4 1
github.com/bootcamp-go/internal/transactions/repository.go:55.2,56.40 2 1
github.com/bootcamp-go/internal/transactions/repository.go:60.2,60.25 1 1
github.com/bootcamp-go/internal/transactions/repository.go:46.16,48.41 2 0
github.com/bootcamp-go/internal/transactions/repository.go:52.3,52.26 1 0
github.com/bootcamp-go/internal/transactions/repository.go:48.41,50.4 1 0
github.com/bootcamp-go/internal/transactions/repository.go:56.40,58.3 1 1
github.com/bootcamp-go/internal/transactions/repository.go:63.46,66.39 2 1
github.com/bootcamp-go/internal/transactions/repository.go:70.2,70.18 1 1
github.com/bootcamp-go/internal/transactions/repository.go:74.2,74.30 1 1
github.com/bootcamp-go/internal/transactions/repository.go:66.39,68.3 1 0
github.com/bootcamp-go/internal/transactions/repository.go:70.18,72.3 1 1
github.com/bootcamp-go/internal/transactions/service.go:14.39,16.2 1 1
github.com/bootcamp-go/internal/transactions/service.go:18.60,20.2 1 0
github.com/bootcamp-go/internal/transactions/service.go:22.111,24.16 2 1
github.com/bootcamp-go/internal/transactions/service.go:28.2,29.69 2 1
github.com/bootcamp-go/internal/transactions/service.go:24.16,26.3 1 0
github.com/bootcamp-go/cmd/server/handler/transaction.go:25.58,27.2 1 0
github.com/bootcamp-go/cmd/server/handler/transaction.go:29.48,30.30 1 0
github.com/bootcamp-go/cmd/server/handler/transaction.go:30.30,32.34 2 0
github.com/bootcamp-go/cmd/server/handler/transaction.go:37.3,38.17 2 0
github.com/bootcamp-go/cmd/server/handler/transaction.go:43.3,43.29 1 0
github.com/bootcamp-go/cmd/server/handler/transaction.go:48.3,48.64 1 0
github.com/bootcamp-go/cmd/server/handler/transaction.go:32.34,35.4 2 0
github.com/bootcamp-go/cmd/server/handler/transaction.go:38.17,41.4 2 0
github.com/bootcamp-go/cmd/server/handler/transaction.go:43.29,46.4 2 0
github.com/bootcamp-go/cmd/server/handler/transaction.go:52.53,53.54 1 0
github.com/bootcamp-go/cmd/server/handler/transaction.go:53.54,54.33 1 0
github.com/bootcamp-go/cmd/server/handler/transaction.go:60.3,61.34 2 0
github.com/bootcamp-go/cmd/server/handler/transaction.go:76.3,77.17 2 0
github.com/bootcamp-go/cmd/server/handler/transaction.go:92.3,93.17 2 0
github.com/bootcamp-go/cmd/server/handler/transaction.go:97.3,98.20 2 0
github.com/bootcamp-go/cmd/server/handler/transaction.go:54.33,58.4 3 0
github.com/bootcamp-go/cmd/server/handler/transaction.go:61.34,63.18 2 0
github.com/bootcamp-go/cmd/server/handler/transaction.go:67.4,70.18 4 0
github.com/bootcamp-go/cmd/server/handler/transaction.go:73.4,73.10 1 0
github.com/bootcamp-go/cmd/server/handler/transaction.go:63.18,64.15 1 0
github.com/bootcamp-go/cmd/server/handler/transaction.go:70.18,71.15 1 0
github.com/bootcamp-go/cmd/server/handler/transaction.go:77.17,79.18 2 0
github.com/bootcamp-go/cmd/server/handler/transaction.go:83.4,86.18 4 0
github.com/bootcamp-go/cmd/server/handler/transaction.go:89.4,89.10 1 0
github.com/bootcamp-go/cmd/server/handler/transaction.go:79.18,80.15 1 0
github.com/bootcamp-go/cmd/server/handler/transaction.go:86.18,87.15 1 0
github.com/bootcamp-go/cmd/server/handler/transaction.go:93.17,94.14 1 0
github.com/bootcamp-go/cmd/server/handler/transaction.go:102.47,103.30 1 0
github.com/bootcamp-go/cmd/server/handler/transaction.go:103.30,105.34 2 0
github.com/bootcamp-go/cmd/server/handler/transaction.go:110.3,111.48 2 0
github.com/bootcamp-go/cmd/server/handler/transaction.go:116.3,117.17 2 0
github.com/bootcamp-go/cmd/server/handler/transaction.go:122.3,122.63 1 0
github.com/bootcamp-go/cmd/server/handler/transaction.go:105.34,108.4 2 0
github.com/bootcamp-go/cmd/server/handler/transaction.go:111.48,114.4 2 0
github.com/bootcamp-go/cmd/server/handler/transaction.go:117.17,120.4 2 0
